01-06-2022 16:40:30 INFO app => DataFrame created 
01-06-2022 16:40:30 INFO app => Standardization done 
01-06-2022 16:40:30 INFO _internal =>  * Restarting with watchdog (windowsapi) 
01-06-2022 16:40:33 INFO app => DataFrame created 
01-06-2022 16:40:33 INFO app => Standardization done 
01-06-2022 16:40:33 WARNING _internal =>  * Debugger is active! 
01-06-2022 16:40:33 INFO _internal =>  * Debugger PIN: 499-819-284 
01-06-2022 16:40:33 INFO _internal =>  * Running on http://127.0.0.1:5000/ (Press CTRL+C to quit) 
01-06-2022 16:42:53 INFO app => Connected to Mongodb and data retrieved 
01-06-2022 16:42:53 INFO app => DataFrame created 
01-06-2022 16:42:53 INFO app => Standardization done 
01-06-2022 16:42:53 INFO _internal =>  * Restarting with watchdog (windowsapi) 
01-06-2022 16:42:56 INFO app => Connected to Mongodb and data retrieved 
01-06-2022 16:42:56 INFO app => DataFrame created 
01-06-2022 16:42:56 INFO app => Standardization done 
01-06-2022 16:42:56 WARNING _internal =>  * Debugger is active! 
01-06-2022 16:42:56 INFO _internal =>  * Debugger PIN: 499-819-284 
01-06-2022 16:42:56 INFO _internal =>  * Running on http://127.0.0.1:5000/ (Press CTRL+C to quit) 
01-06-2022 16:43:12 INFO app => Home page loaded successfully 
01-06-2022 16:43:12 INFO _internal => 127.0.0.1 - - [01/Jun/2022 16:43:12] "GET / HTTP/1.1" 200 - 
01-06-2022 16:43:12 INFO _internal => 127.0.0.1 - - [01/Jun/2022 16:43:12] "[33mGET /static/vendor/jquery-ui/jquery-ui.min.css HTTP/1.1[0m" 404 - 
01-06-2022 16:43:12 INFO _internal => 127.0.0.1 - - [01/Jun/2022 16:43:12] "[33mGET /favicon.ico HTTP/1.1[0m" 404 - 
01-06-2022 16:43:20 INFO app => Prediction done for Classification model 
01-06-2022 16:43:20 INFO _internal => 127.0.0.1 - - [01/Jun/2022 16:43:20] "POST /predict HTTP/1.1" 200 - 
01-06-2022 16:43:20 INFO _internal => 127.0.0.1 - - [01/Jun/2022 16:43:20] "[33mGET /static/vendor/jquery-ui/jquery-ui.min.css HTTP/1.1[0m" 404 - 
01-06-2022 16:46:01 INFO app => Connected to Mongodb and data retrieved 
01-06-2022 16:46:01 INFO app => DataFrame created 
01-06-2022 16:46:01 INFO app => Standardization done 
01-06-2022 16:46:01 INFO _internal =>  * Restarting with watchdog (windowsapi) 
01-06-2022 16:46:04 INFO app => Connected to Mongodb and data retrieved 
01-06-2022 16:46:04 INFO app => DataFrame created 
01-06-2022 16:46:04 INFO app => Standardization done 
01-06-2022 16:46:04 WARNING _internal =>  * Debugger is active! 
01-06-2022 16:46:04 INFO _internal =>  * Debugger PIN: 499-819-284 
01-06-2022 16:46:04 INFO _internal =>  * Running on http://127.0.0.1:5000/ (Press CTRL+C to quit) 
01-06-2022 16:46:07 INFO app => Prediction done for Classification model 
01-06-2022 16:46:07 INFO _internal => 127.0.0.1 - - [01/Jun/2022 16:46:07] "POST /predict HTTP/1.1" 200 - 
01-06-2022 16:46:07 INFO _internal => 127.0.0.1 - - [01/Jun/2022 16:46:07] "[33mGET /static/vendor/jquery-ui/jquery-ui.min.css HTTP/1.1[0m" 404 - 
01-06-2022 16:46:14 INFO app => Prediction done for Regression model 
01-06-2022 16:46:14 INFO _internal => 127.0.0.1 - - [01/Jun/2022 16:46:14] "POST /predictR HTTP/1.1" 200 - 
01-06-2022 16:46:14 INFO _internal => 127.0.0.1 - - [01/Jun/2022 16:46:14] "[33mGET /static/vendor/jquery-ui/jquery-ui.min.css HTTP/1.1[0m" 404 - 
01-06-2022 16:48:00 INFO app => Connected to Mongodb and data retrieved 
01-06-2022 16:48:00 INFO app => DataFrame created 
01-06-2022 16:48:00 INFO app => Standardization done 
01-06-2022 16:48:00 INFO _internal =>  * Restarting with watchdog (windowsapi) 
01-06-2022 16:48:03 INFO app => Connected to Mongodb and data retrieved 
01-06-2022 16:48:03 INFO app => DataFrame created 
01-06-2022 16:48:03 INFO app => Standardization done 
01-06-2022 16:48:03 WARNING _internal =>  * Debugger is active! 
01-06-2022 16:48:03 INFO _internal =>  * Debugger PIN: 499-819-284 
01-06-2022 16:48:03 INFO _internal =>  * Running on http://127.0.0.1:5000/ (Press CTRL+C to quit) 
01-06-2022 16:48:11 INFO app => Connected to Mongodb and data retrieved 
01-06-2022 16:48:11 INFO app => DataFrame created 
01-06-2022 16:48:11 INFO app => Standardization done 
01-06-2022 16:48:11 INFO _internal =>  * Restarting with watchdog (windowsapi) 
01-06-2022 16:48:14 INFO app => Connected to Mongodb and data retrieved 
01-06-2022 16:48:14 INFO app => DataFrame created 
01-06-2022 16:48:14 INFO app => Standardization done 
01-06-2022 16:48:14 WARNING _internal =>  * Debugger is active! 
01-06-2022 16:48:14 INFO _internal =>  * Debugger PIN: 499-819-284 
01-06-2022 16:48:14 INFO _internal =>  * Running on http://127.0.0.1:5000/ (Press CTRL+C to quit) 
01-06-2022 16:48:18 INFO app => Prediction done for Regression model 
01-06-2022 16:48:18 INFO _internal => 127.0.0.1 - - [01/Jun/2022 16:48:18] "POST /predictR HTTP/1.1" 200 - 
01-06-2022 16:48:18 INFO _internal => 127.0.0.1 - - [01/Jun/2022 16:48:18] "[33mGET /static/vendor/jquery-ui/jquery-ui.min.css HTTP/1.1[0m" 404 - 
01-06-2022 16:48:23 INFO app => Prediction done for Classification model 
01-06-2022 16:48:23 INFO _internal => 127.0.0.1 - - [01/Jun/2022 16:48:23] "POST /predict HTTP/1.1" 200 - 
01-06-2022 16:48:23 INFO _internal => 127.0.0.1 - - [01/Jun/2022 16:48:23] "[33mGET /static/vendor/jquery-ui/jquery-ui.min.css HTTP/1.1[0m" 404 - 
18-08-2022 00:18:41 DEBUG ocsp_support => Peer did not staple an OCSP response 
18-08-2022 00:18:41 DEBUG ocsp_support => Requesting OCSP data 
18-08-2022 00:18:41 DEBUG ocsp_support => Trying http://r3.o.lencr.org 
18-08-2022 00:18:41 DEBUG connectionpool => Starting new HTTP connection (1): r3.o.lencr.org:80 
18-08-2022 00:18:41 DEBUG ocsp_support => Peer did not staple an OCSP response 
18-08-2022 00:18:41 DEBUG ocsp_support => Requesting OCSP data 
18-08-2022 00:18:41 DEBUG ocsp_support => Trying http://r3.o.lencr.org 
18-08-2022 00:18:41 DEBUG connectionpool => Starting new HTTP connection (1): r3.o.lencr.org:80 
18-08-2022 00:18:41 DEBUG ocsp_support => Peer did not staple an OCSP response 
18-08-2022 00:18:41 DEBUG ocsp_support => Requesting OCSP data 
18-08-2022 00:18:41 DEBUG ocsp_support => Trying http://r3.o.lencr.org 
18-08-2022 00:18:41 DEBUG connectionpool => Starting new HTTP connection (1): r3.o.lencr.org:80 
18-08-2022 00:18:42 DEBUG connectionpool => http://r3.o.lencr.org:80 "POST / HTTP/1.1" 200 503 
18-08-2022 00:18:42 DEBUG connectionpool => http://r3.o.lencr.org:80 "POST / HTTP/1.1" 200 503 
18-08-2022 00:18:42 DEBUG connectionpool => http://r3.o.lencr.org:80 "POST / HTTP/1.1" 200 503 
18-08-2022 00:18:42 DEBUG ocsp_support => OCSP response status: <OCSPResponseStatus.SUCCESSFUL: 0> 
18-08-2022 00:18:42 DEBUG ocsp_support => OCSP response status: <OCSPResponseStatus.SUCCESSFUL: 0> 
18-08-2022 00:18:42 DEBUG ocsp_support => Verifying response 
18-08-2022 00:18:42 DEBUG ocsp_support => OCSP response status: <OCSPResponseStatus.SUCCESSFUL: 0> 
18-08-2022 00:18:42 DEBUG ocsp_support => Verifying response 
18-08-2022 00:18:42 DEBUG ocsp_support => Verifying response 
18-08-2022 00:18:42 DEBUG ocsp_support => Responder is issuer 
18-08-2022 00:18:42 DEBUG ocsp_support => Responder is issuer 
18-08-2022 00:18:42 DEBUG ocsp_support => Responder is issuer 
18-08-2022 00:18:42 DEBUG ocsp_support => Caching OCSP response. 
18-08-2022 00:18:42 DEBUG ocsp_support => Caching OCSP response. 
18-08-2022 00:18:42 DEBUG ocsp_support => Caching OCSP response. 
18-08-2022 00:18:42 DEBUG ocsp_support => OCSP cert status: <OCSPCertStatus.GOOD: 0> 
18-08-2022 00:18:42 DEBUG ocsp_support => OCSP cert status: <OCSPCertStatus.GOOD: 0> 
18-08-2022 00:18:42 DEBUG ocsp_support => OCSP cert status: <OCSPCertStatus.GOOD: 0> 
18-08-2022 00:18:42 DEBUG ocsp_support => Peer did not staple an OCSP response 
18-08-2022 00:18:42 DEBUG ocsp_support => Requesting OCSP data 
18-08-2022 00:18:42 DEBUG ocsp_support => Trying http://r3.o.lencr.org 
18-08-2022 00:18:42 DEBUG ocsp_support => Using cached OCSP response. 
18-08-2022 00:18:42 DEBUG ocsp_support => OCSP cert status: <OCSPCertStatus.GOOD: 0> 
18-08-2022 00:18:42 DEBUG ocsp_support => Peer did not staple an OCSP response 
18-08-2022 00:18:42 DEBUG ocsp_support => Requesting OCSP data 
18-08-2022 00:18:42 DEBUG ocsp_support => Trying http://r3.o.lencr.org 
18-08-2022 00:18:42 DEBUG ocsp_support => Using cached OCSP response. 
18-08-2022 00:18:42 DEBUG ocsp_support => OCSP cert status: <OCSPCertStatus.GOOD: 0> 
18-08-2022 00:18:42 DEBUG ocsp_support => Peer did not staple an OCSP response 
18-08-2022 00:18:42 DEBUG ocsp_support => Requesting OCSP data 
18-08-2022 00:18:42 DEBUG ocsp_support => Trying http://r3.o.lencr.org 
18-08-2022 00:18:42 DEBUG ocsp_support => Using cached OCSP response. 
18-08-2022 00:18:42 DEBUG ocsp_support => OCSP cert status: <OCSPCertStatus.GOOD: 0> 
18-08-2022 00:18:42 DEBUG ocsp_support => Peer did not staple an OCSP response 
18-08-2022 00:18:42 DEBUG ocsp_support => Requesting OCSP data 
18-08-2022 00:18:42 DEBUG ocsp_support => Trying http://r3.o.lencr.org 
18-08-2022 00:18:42 DEBUG ocsp_support => Using cached OCSP response. 
18-08-2022 00:18:42 DEBUG ocsp_support => OCSP cert status: <OCSPCertStatus.GOOD: 0> 
18-08-2022 00:18:43 INFO app => Connected to Mongodb and data retrieved 
18-08-2022 00:18:43 INFO app => DataFrame created 
18-08-2022 00:18:43 INFO app => Standardization done 
18-08-2022 00:18:43 INFO _internal =>  * Restarting with watchdog (windowsapi) 
18-08-2022 00:18:45 DEBUG ocsp_support => Peer did not staple an OCSP response 
18-08-2022 00:18:45 DEBUG ocsp_support => Requesting OCSP data 
18-08-2022 00:18:45 DEBUG ocsp_support => Trying http://r3.o.lencr.org 
18-08-2022 00:18:45 DEBUG connectionpool => Starting new HTTP connection (1): r3.o.lencr.org:80 
18-08-2022 00:18:45 DEBUG ocsp_support => Peer did not staple an OCSP response 
18-08-2022 00:18:45 DEBUG ocsp_support => Requesting OCSP data 
18-08-2022 00:18:45 DEBUG ocsp_support => Trying http://r3.o.lencr.org 
18-08-2022 00:18:45 DEBUG connectionpool => Starting new HTTP connection (1): r3.o.lencr.org:80 
18-08-2022 00:18:45 DEBUG ocsp_support => Peer did not staple an OCSP response 
18-08-2022 00:18:45 DEBUG ocsp_support => Requesting OCSP data 
18-08-2022 00:18:45 DEBUG ocsp_support => Trying http://r3.o.lencr.org 
18-08-2022 00:18:45 DEBUG connectionpool => Starting new HTTP connection (1): r3.o.lencr.org:80 
18-08-2022 00:18:45 DEBUG connectionpool => http://r3.o.lencr.org:80 "POST / HTTP/1.1" 200 503 
18-08-2022 00:18:45 DEBUG ocsp_support => OCSP response status: <OCSPResponseStatus.SUCCESSFUL: 0> 
18-08-2022 00:18:45 DEBUG ocsp_support => Verifying response 
18-08-2022 00:18:45 DEBUG ocsp_support => Responder is issuer 
18-08-2022 00:18:45 DEBUG connectionpool => http://r3.o.lencr.org:80 "POST / HTTP/1.1" 200 503 
18-08-2022 00:18:45 DEBUG ocsp_support => OCSP response status: <OCSPResponseStatus.SUCCESSFUL: 0> 
18-08-2022 00:18:45 DEBUG ocsp_support => Verifying response 
18-08-2022 00:18:45 DEBUG ocsp_support => Responder is issuer 
18-08-2022 00:18:45 DEBUG ocsp_support => Caching OCSP response. 
18-08-2022 00:18:45 DEBUG ocsp_support => OCSP cert status: <OCSPCertStatus.GOOD: 0> 
18-08-2022 00:18:45 DEBUG ocsp_support => Caching OCSP response. 
18-08-2022 00:18:45 DEBUG ocsp_support => OCSP cert status: <OCSPCertStatus.GOOD: 0> 
18-08-2022 00:18:45 DEBUG connectionpool => http://r3.o.lencr.org:80 "POST / HTTP/1.1" 200 503 
18-08-2022 00:18:45 DEBUG ocsp_support => OCSP response status: <OCSPResponseStatus.SUCCESSFUL: 0> 
18-08-2022 00:18:45 DEBUG ocsp_support => Verifying response 
18-08-2022 00:18:45 DEBUG ocsp_support => Responder is issuer 
18-08-2022 00:18:45 DEBUG ocsp_support => Caching OCSP response. 
18-08-2022 00:18:45 DEBUG ocsp_support => OCSP cert status: <OCSPCertStatus.GOOD: 0> 
18-08-2022 00:18:46 DEBUG ocsp_support => Peer did not staple an OCSP response 
18-08-2022 00:18:46 DEBUG ocsp_support => Requesting OCSP data 
18-08-2022 00:18:46 DEBUG ocsp_support => Trying http://r3.o.lencr.org 
18-08-2022 00:18:46 DEBUG ocsp_support => Using cached OCSP response. 
18-08-2022 00:18:46 DEBUG ocsp_support => OCSP cert status: <OCSPCertStatus.GOOD: 0> 
18-08-2022 00:18:46 DEBUG ocsp_support => Peer did not staple an OCSP response 
18-08-2022 00:18:46 DEBUG ocsp_support => Requesting OCSP data 
18-08-2022 00:18:46 DEBUG ocsp_support => Trying http://r3.o.lencr.org 
18-08-2022 00:18:46 DEBUG ocsp_support => Using cached OCSP response. 
18-08-2022 00:18:46 DEBUG ocsp_support => OCSP cert status: <OCSPCertStatus.GOOD: 0> 
18-08-2022 00:18:46 DEBUG ocsp_support => Peer did not staple an OCSP response 
18-08-2022 00:18:46 DEBUG ocsp_support => Requesting OCSP data 
18-08-2022 00:18:46 DEBUG ocsp_support => Trying http://r3.o.lencr.org 
18-08-2022 00:18:46 DEBUG ocsp_support => Using cached OCSP response. 
18-08-2022 00:18:46 DEBUG ocsp_support => OCSP cert status: <OCSPCertStatus.GOOD: 0> 
18-08-2022 00:18:46 DEBUG ocsp_support => Peer did not staple an OCSP response 
18-08-2022 00:18:46 DEBUG ocsp_support => Requesting OCSP data 
18-08-2022 00:18:46 DEBUG ocsp_support => Trying http://r3.o.lencr.org 
18-08-2022 00:18:46 DEBUG ocsp_support => Using cached OCSP response. 
18-08-2022 00:18:46 DEBUG ocsp_support => OCSP cert status: <OCSPCertStatus.GOOD: 0> 
18-08-2022 00:18:46 INFO app => Connected to Mongodb and data retrieved 
18-08-2022 00:18:46 INFO app => DataFrame created 
18-08-2022 00:18:46 INFO app => Standardization done 
18-08-2022 00:18:46 WARNING _internal =>  * Debugger is active! 
18-08-2022 00:18:46 INFO _internal =>  * Debugger PIN: 323-471-208 
18-08-2022 00:18:46 INFO _internal =>  * Running on http://127.0.0.1:5000/ (Press CTRL+C to quit) 
18-08-2022 00:30:26 DEBUG ocsp_support => Peer did not staple an OCSP response 
18-08-2022 00:30:26 DEBUG ocsp_support => Requesting OCSP data 
18-08-2022 00:30:26 DEBUG ocsp_support => Trying http://r3.o.lencr.org 
18-08-2022 00:30:26 DEBUG connectionpool => Starting new HTTP connection (1): r3.o.lencr.org:80 
18-08-2022 00:30:26 DEBUG ocsp_support => Peer did not staple an OCSP response 
18-08-2022 00:30:26 DEBUG ocsp_support => Requesting OCSP data 
18-08-2022 00:30:26 DEBUG ocsp_support => Trying http://r3.o.lencr.org 
18-08-2022 00:30:26 DEBUG connectionpool => Starting new HTTP connection (1): r3.o.lencr.org:80 
18-08-2022 00:30:26 DEBUG ocsp_support => Peer did not staple an OCSP response 
18-08-2022 00:30:26 DEBUG ocsp_support => Requesting OCSP data 
18-08-2022 00:30:26 DEBUG ocsp_support => Trying http://r3.o.lencr.org 
18-08-2022 00:30:26 DEBUG connectionpool => Starting new HTTP connection (1): r3.o.lencr.org:80 
18-08-2022 00:30:36 DEBUG connectionpool => http://r3.o.lencr.org:80 "POST / HTTP/1.1" 200 503 
18-08-2022 00:30:36 DEBUG ocsp_support => OCSP response status: <OCSPResponseStatus.SUCCESSFUL: 0> 
18-08-2022 00:30:36 DEBUG ocsp_support => Verifying response 
18-08-2022 00:30:36 DEBUG ocsp_support => Responder is issuer 
18-08-2022 00:30:36 DEBUG connectionpool => http://r3.o.lencr.org:80 "POST / HTTP/1.1" 200 503 
18-08-2022 00:30:36 DEBUG ocsp_support => OCSP response status: <OCSPResponseStatus.SUCCESSFUL: 0> 
18-08-2022 00:30:36 DEBUG ocsp_support => Verifying response 
18-08-2022 00:30:36 DEBUG ocsp_support => Responder is issuer 
18-08-2022 00:30:36 DEBUG ocsp_support => Caching OCSP response. 
18-08-2022 00:30:36 DEBUG ocsp_support => Caching OCSP response. 
18-08-2022 00:30:36 DEBUG ocsp_support => OCSP cert status: <OCSPCertStatus.GOOD: 0> 
18-08-2022 00:30:36 DEBUG ocsp_support => OCSP cert status: <OCSPCertStatus.GOOD: 0> 
18-08-2022 00:30:36 DEBUG connectionpool => http://r3.o.lencr.org:80 "POST / HTTP/1.1" 200 503 
18-08-2022 00:30:36 DEBUG ocsp_support => OCSP response status: <OCSPResponseStatus.SUCCESSFUL: 0> 
18-08-2022 00:30:36 DEBUG ocsp_support => Verifying response 
18-08-2022 00:30:36 DEBUG ocsp_support => Responder is issuer 
18-08-2022 00:30:36 DEBUG ocsp_support => Caching OCSP response. 
18-08-2022 00:30:36 DEBUG ocsp_support => OCSP cert status: <OCSPCertStatus.GOOD: 0> 
18-08-2022 00:30:37 DEBUG ocsp_support => Peer did not staple an OCSP response 
18-08-2022 00:30:37 DEBUG ocsp_support => Requesting OCSP data 
18-08-2022 00:30:37 DEBUG ocsp_support => Trying http://r3.o.lencr.org 
18-08-2022 00:30:37 DEBUG ocsp_support => Using cached OCSP response. 
18-08-2022 00:30:37 DEBUG ocsp_support => OCSP cert status: <OCSPCertStatus.GOOD: 0> 
18-08-2022 00:30:37 DEBUG ocsp_support => Peer did not staple an OCSP response 
18-08-2022 00:30:37 DEBUG ocsp_support => Requesting OCSP data 
18-08-2022 00:30:37 DEBUG ocsp_support => Trying http://r3.o.lencr.org 
18-08-2022 00:30:37 DEBUG ocsp_support => Peer did not staple an OCSP response 
18-08-2022 00:30:37 DEBUG ocsp_support => Using cached OCSP response. 
18-08-2022 00:30:37 DEBUG ocsp_support => Requesting OCSP data 
18-08-2022 00:30:37 DEBUG ocsp_support => Trying http://r3.o.lencr.org 
18-08-2022 00:30:37 DEBUG ocsp_support => OCSP cert status: <OCSPCertStatus.GOOD: 0> 
18-08-2022 00:30:37 DEBUG ocsp_support => Using cached OCSP response. 
18-08-2022 00:30:37 DEBUG ocsp_support => OCSP cert status: <OCSPCertStatus.GOOD: 0> 
18-08-2022 00:30:37 DEBUG ocsp_support => Peer did not staple an OCSP response 
18-08-2022 00:30:37 DEBUG ocsp_support => Requesting OCSP data 
18-08-2022 00:30:37 DEBUG ocsp_support => Trying http://r3.o.lencr.org 
18-08-2022 00:30:37 DEBUG ocsp_support => Using cached OCSP response. 
18-08-2022 00:30:37 DEBUG ocsp_support => OCSP cert status: <OCSPCertStatus.GOOD: 0> 
18-08-2022 00:30:37 INFO demo => Connected to Mongodb and data retrieved 
18-08-2022 00:31:14 INFO utils => NumExpr defaulting to 8 threads. 
18-08-2022 00:31:15 DEBUG ocsp_support => Peer did not staple an OCSP response 
18-08-2022 00:31:15 DEBUG ocsp_support => Requesting OCSP data 
18-08-2022 00:31:15 DEBUG ocsp_support => Trying http://r3.o.lencr.org 
18-08-2022 00:31:15 DEBUG ocsp_support => Peer did not staple an OCSP response 
18-08-2022 00:31:15 DEBUG ocsp_support => Requesting OCSP data 
18-08-2022 00:31:15 DEBUG ocsp_support => Trying http://r3.o.lencr.org 
18-08-2022 00:31:15 DEBUG ocsp_support => Peer did not staple an OCSP response 
18-08-2022 00:31:15 DEBUG ocsp_support => Requesting OCSP data 
18-08-2022 00:31:15 DEBUG ocsp_support => Trying http://r3.o.lencr.org 
18-08-2022 00:31:15 DEBUG connectionpool => Starting new HTTP connection (1): r3.o.lencr.org:80 
18-08-2022 00:31:15 DEBUG connectionpool => Starting new HTTP connection (1): r3.o.lencr.org:80 
18-08-2022 00:31:15 DEBUG connectionpool => Starting new HTTP connection (1): r3.o.lencr.org:80 
18-08-2022 00:31:15 DEBUG connectionpool => http://r3.o.lencr.org:80 "POST / HTTP/1.1" 200 503 
18-08-2022 00:31:15 DEBUG connectionpool => http://r3.o.lencr.org:80 "POST / HTTP/1.1" 200 503 
18-08-2022 00:31:15 DEBUG connectionpool => http://r3.o.lencr.org:80 "POST / HTTP/1.1" 200 503 
18-08-2022 00:31:15 DEBUG ocsp_support => OCSP response status: <OCSPResponseStatus.SUCCESSFUL: 0> 
18-08-2022 00:31:15 DEBUG ocsp_support => OCSP response status: <OCSPResponseStatus.SUCCESSFUL: 0> 
18-08-2022 00:31:15 DEBUG ocsp_support => OCSP response status: <OCSPResponseStatus.SUCCESSFUL: 0> 
18-08-2022 00:31:15 DEBUG ocsp_support => Verifying response 
18-08-2022 00:31:15 DEBUG ocsp_support => Verifying response 
18-08-2022 00:31:15 DEBUG ocsp_support => Verifying response 
18-08-2022 00:31:15 DEBUG ocsp_support => Responder is issuer 
18-08-2022 00:31:15 DEBUG ocsp_support => Responder is issuer 
18-08-2022 00:31:15 DEBUG ocsp_support => Responder is issuer 
18-08-2022 00:31:15 DEBUG ocsp_support => Caching OCSP response. 
18-08-2022 00:31:15 DEBUG ocsp_support => Caching OCSP response. 
18-08-2022 00:31:15 DEBUG ocsp_support => Caching OCSP response. 
18-08-2022 00:31:15 DEBUG ocsp_support => OCSP cert status: <OCSPCertStatus.GOOD: 0> 
18-08-2022 00:31:15 DEBUG ocsp_support => OCSP cert status: <OCSPCertStatus.GOOD: 0> 
18-08-2022 00:31:15 DEBUG ocsp_support => OCSP cert status: <OCSPCertStatus.GOOD: 0> 
18-08-2022 00:31:16 DEBUG ocsp_support => Peer did not staple an OCSP response 
18-08-2022 00:31:16 DEBUG ocsp_support => Requesting OCSP data 
18-08-2022 00:31:16 DEBUG ocsp_support => Trying http://r3.o.lencr.org 
18-08-2022 00:31:16 DEBUG ocsp_support => Using cached OCSP response. 
18-08-2022 00:31:16 DEBUG ocsp_support => OCSP cert status: <OCSPCertStatus.GOOD: 0> 
18-08-2022 00:31:16 DEBUG ocsp_support => Peer did not staple an OCSP response 
18-08-2022 00:31:16 DEBUG ocsp_support => Requesting OCSP data 
18-08-2022 00:31:16 DEBUG ocsp_support => Trying http://r3.o.lencr.org 
18-08-2022 00:31:16 DEBUG ocsp_support => Using cached OCSP response. 
18-08-2022 00:31:16 DEBUG ocsp_support => OCSP cert status: <OCSPCertStatus.GOOD: 0> 
18-08-2022 00:31:16 DEBUG ocsp_support => Peer did not staple an OCSP response 
18-08-2022 00:31:16 DEBUG ocsp_support => Requesting OCSP data 
18-08-2022 00:31:16 DEBUG ocsp_support => Trying http://r3.o.lencr.org 
18-08-2022 00:31:16 DEBUG ocsp_support => Using cached OCSP response. 
18-08-2022 00:31:16 DEBUG ocsp_support => OCSP cert status: <OCSPCertStatus.GOOD: 0> 
18-08-2022 00:31:16 DEBUG ocsp_support => Peer did not staple an OCSP response 
18-08-2022 00:31:16 DEBUG ocsp_support => Requesting OCSP data 
18-08-2022 00:31:16 DEBUG ocsp_support => Trying http://r3.o.lencr.org 
18-08-2022 00:31:16 DEBUG ocsp_support => Using cached OCSP response. 
18-08-2022 00:31:16 DEBUG ocsp_support => OCSP cert status: <OCSPCertStatus.GOOD: 0> 
18-08-2022 00:31:17 INFO demo => Connected to Mongodb and data retrieved 
18-08-2022 00:31:17 INFO demo => DataFrame created 
18-08-2022 00:31:17 INFO demo => Standardization done 
18-08-2022 00:31:17 INFO _internal =>  * Restarting with watchdog (windowsapi) 
18-08-2022 00:31:18 INFO utils => NumExpr defaulting to 8 threads. 
18-08-2022 00:31:19 DEBUG ocsp_support => Peer did not staple an OCSP response 
18-08-2022 00:31:19 DEBUG ocsp_support => Requesting OCSP data 
18-08-2022 00:31:19 DEBUG ocsp_support => Trying http://r3.o.lencr.org 
18-08-2022 00:31:19 DEBUG connectionpool => Starting new HTTP connection (1): r3.o.lencr.org:80 
18-08-2022 00:31:19 DEBUG ocsp_support => Peer did not staple an OCSP response 
18-08-2022 00:31:19 DEBUG ocsp_support => Requesting OCSP data 
18-08-2022 00:31:19 DEBUG ocsp_support => Trying http://r3.o.lencr.org 
18-08-2022 00:31:19 DEBUG connectionpool => Starting new HTTP connection (1): r3.o.lencr.org:80 
18-08-2022 00:31:19 DEBUG ocsp_support => Peer did not staple an OCSP response 
18-08-2022 00:31:19 DEBUG ocsp_support => Requesting OCSP data 
18-08-2022 00:31:19 DEBUG ocsp_support => Trying http://r3.o.lencr.org 
18-08-2022 00:31:19 DEBUG connectionpool => Starting new HTTP connection (1): r3.o.lencr.org:80 
18-08-2022 00:31:19 DEBUG connectionpool => http://r3.o.lencr.org:80 "POST / HTTP/1.1" 200 503 
18-08-2022 00:31:19 DEBUG ocsp_support => OCSP response status: <OCSPResponseStatus.SUCCESSFUL: 0> 
18-08-2022 00:31:19 DEBUG ocsp_support => Verifying response 
18-08-2022 00:31:19 DEBUG ocsp_support => Responder is issuer 
18-08-2022 00:31:19 DEBUG ocsp_support => Caching OCSP response. 
18-08-2022 00:31:19 DEBUG ocsp_support => OCSP cert status: <OCSPCertStatus.GOOD: 0> 
18-08-2022 00:31:19 DEBUG connectionpool => http://r3.o.lencr.org:80 "POST / HTTP/1.1" 200 503 
18-08-2022 00:31:19 DEBUG ocsp_support => OCSP response status: <OCSPResponseStatus.SUCCESSFUL: 0> 
18-08-2022 00:31:19 DEBUG ocsp_support => Verifying response 
18-08-2022 00:31:19 DEBUG ocsp_support => Responder is issuer 
18-08-2022 00:31:19 DEBUG ocsp_support => Caching OCSP response. 
18-08-2022 00:31:19 DEBUG ocsp_support => OCSP cert status: <OCSPCertStatus.GOOD: 0> 
18-08-2022 00:31:19 DEBUG connectionpool => http://r3.o.lencr.org:80 "POST / HTTP/1.1" 200 503 
18-08-2022 00:31:19 DEBUG ocsp_support => OCSP response status: <OCSPResponseStatus.SUCCESSFUL: 0> 
18-08-2022 00:31:19 DEBUG ocsp_support => Verifying response 
18-08-2022 00:31:19 DEBUG ocsp_support => Responder is issuer 
18-08-2022 00:31:19 DEBUG ocsp_support => Caching OCSP response. 
18-08-2022 00:31:19 DEBUG ocsp_support => OCSP cert status: <OCSPCertStatus.GOOD: 0> 
18-08-2022 00:31:20 DEBUG ocsp_support => Peer did not staple an OCSP response 
18-08-2022 00:31:20 DEBUG ocsp_support => Requesting OCSP data 
18-08-2022 00:31:20 DEBUG ocsp_support => Trying http://r3.o.lencr.org 
18-08-2022 00:31:20 DEBUG ocsp_support => Using cached OCSP response. 
18-08-2022 00:31:20 DEBUG ocsp_support => OCSP cert status: <OCSPCertStatus.GOOD: 0> 
18-08-2022 00:31:20 DEBUG ocsp_support => Peer did not staple an OCSP response 
18-08-2022 00:31:20 DEBUG ocsp_support => Requesting OCSP data 
18-08-2022 00:31:20 DEBUG ocsp_support => Trying http://r3.o.lencr.org 
18-08-2022 00:31:20 DEBUG ocsp_support => Using cached OCSP response. 
18-08-2022 00:31:20 DEBUG ocsp_support => OCSP cert status: <OCSPCertStatus.GOOD: 0> 
18-08-2022 00:31:20 DEBUG ocsp_support => Peer did not staple an OCSP response 
18-08-2022 00:31:20 DEBUG ocsp_support => Requesting OCSP data 
18-08-2022 00:31:20 DEBUG ocsp_support => Trying http://r3.o.lencr.org 
18-08-2022 00:31:20 DEBUG ocsp_support => Using cached OCSP response. 
18-08-2022 00:31:20 DEBUG ocsp_support => OCSP cert status: <OCSPCertStatus.GOOD: 0> 
18-08-2022 00:31:20 DEBUG ocsp_support => Peer did not staple an OCSP response 
18-08-2022 00:31:20 DEBUG ocsp_support => Requesting OCSP data 
18-08-2022 00:31:20 DEBUG ocsp_support => Trying http://r3.o.lencr.org 
18-08-2022 00:31:20 DEBUG ocsp_support => Using cached OCSP response. 
18-08-2022 00:31:20 DEBUG ocsp_support => OCSP cert status: <OCSPCertStatus.GOOD: 0> 
18-08-2022 00:31:22 INFO demo => Connected to Mongodb and data retrieved 
18-08-2022 00:31:22 INFO demo => DataFrame created 
18-08-2022 00:31:22 INFO demo => Standardization done 
18-08-2022 00:31:22 WARNING _internal =>  * Debugger is active! 
18-08-2022 00:31:22 INFO _internal =>  * Debugger PIN: 323-471-208 
18-08-2022 00:31:22 INFO _internal =>  * Running on http://127.0.0.1:5000/ (Press CTRL+C to quit) 
18-08-2022 00:35:54 INFO _internal =>  * Detected change in 'C:\\Users\\avina\\Desktop\\forest_cover_type\\Forest-fire_Prediction-main\\demo.py', reloading 
18-08-2022 00:35:54 INFO _internal =>  * Detected change in 'C:\\Users\\avina\\Desktop\\forest_cover_type\\Forest-fire_Prediction-main\\demo.py', reloading 
18-08-2022 00:35:54 INFO _internal =>  * Detected change in 'C:\\Users\\avina\\Desktop\\forest_cover_type\\Forest-fire_Prediction-main\\demo.py', reloading 
18-08-2022 00:35:54 INFO _internal =>  * Detected change in 'C:\\Users\\avina\\Desktop\\forest_cover_type\\Forest-fire_Prediction-main\\demo.py', reloading 
18-08-2022 00:35:55 INFO _internal =>  * Restarting with watchdog (windowsapi) 
18-08-2022 00:35:56 INFO utils => NumExpr defaulting to 8 threads. 
18-08-2022 00:35:57 DEBUG ocsp_support => Peer did not staple an OCSP response 
18-08-2022 00:35:57 DEBUG ocsp_support => Requesting OCSP data 
18-08-2022 00:35:57 DEBUG ocsp_support => Trying http://r3.o.lencr.org 
18-08-2022 00:35:57 DEBUG connectionpool => Starting new HTTP connection (1): r3.o.lencr.org:80 
18-08-2022 00:35:57 DEBUG ocsp_support => Peer did not staple an OCSP response 
18-08-2022 00:35:57 DEBUG ocsp_support => Requesting OCSP data 
18-08-2022 00:35:57 DEBUG ocsp_support => Trying http://r3.o.lencr.org 
18-08-2022 00:35:57 DEBUG connectionpool => Starting new HTTP connection (1): r3.o.lencr.org:80 
18-08-2022 00:35:58 DEBUG ocsp_support => Peer did not staple an OCSP response 
18-08-2022 00:35:58 DEBUG ocsp_support => Requesting OCSP data 
18-08-2022 00:35:58 DEBUG ocsp_support => Trying http://r3.o.lencr.org 
18-08-2022 00:35:58 DEBUG connectionpool => http://r3.o.lencr.org:80 "POST / HTTP/1.1" 200 503 
18-08-2022 00:35:58 DEBUG ocsp_support => OCSP response status: <OCSPResponseStatus.SUCCESSFUL: 0> 
18-08-2022 00:35:58 DEBUG ocsp_support => Verifying response 
18-08-2022 00:35:58 DEBUG connectionpool => Starting new HTTP connection (1): r3.o.lencr.org:80 
18-08-2022 00:35:58 DEBUG ocsp_support => Responder is issuer 
18-08-2022 00:35:58 DEBUG ocsp_support => Caching OCSP response. 
18-08-2022 00:35:58 DEBUG ocsp_support => OCSP cert status: <OCSPCertStatus.GOOD: 0> 
18-08-2022 00:35:58 DEBUG connectionpool => http://r3.o.lencr.org:80 "POST / HTTP/1.1" 200 503 
18-08-2022 00:35:58 DEBUG ocsp_support => OCSP response status: <OCSPResponseStatus.SUCCESSFUL: 0> 
18-08-2022 00:35:58 DEBUG ocsp_support => Verifying response 
18-08-2022 00:35:58 DEBUG ocsp_support => Responder is issuer 
18-08-2022 00:35:58 DEBUG ocsp_support => Caching OCSP response. 
18-08-2022 00:35:58 DEBUG ocsp_support => OCSP cert status: <OCSPCertStatus.GOOD: 0> 
18-08-2022 00:35:58 DEBUG connectionpool => http://r3.o.lencr.org:80 "POST / HTTP/1.1" 200 503 
18-08-2022 00:35:58 DEBUG ocsp_support => OCSP response status: <OCSPResponseStatus.SUCCESSFUL: 0> 
18-08-2022 00:35:58 DEBUG ocsp_support => Verifying response 
18-08-2022 00:35:58 DEBUG ocsp_support => Responder is issuer 
18-08-2022 00:35:58 DEBUG ocsp_support => Caching OCSP response. 
18-08-2022 00:35:58 DEBUG ocsp_support => OCSP cert status: <OCSPCertStatus.GOOD: 0> 
18-08-2022 00:35:58 DEBUG ocsp_support => Peer did not staple an OCSP response 
18-08-2022 00:35:58 DEBUG ocsp_support => Requesting OCSP data 
18-08-2022 00:35:58 DEBUG ocsp_support => Trying http://r3.o.lencr.org 
18-08-2022 00:35:58 DEBUG ocsp_support => Using cached OCSP response. 
18-08-2022 00:35:58 DEBUG ocsp_support => OCSP cert status: <OCSPCertStatus.GOOD: 0> 
18-08-2022 00:35:58 DEBUG ocsp_support => Peer did not staple an OCSP response 
18-08-2022 00:35:58 DEBUG ocsp_support => Requesting OCSP data 
18-08-2022 00:35:58 DEBUG ocsp_support => Trying http://r3.o.lencr.org 
18-08-2022 00:35:58 DEBUG ocsp_support => Using cached OCSP response. 
18-08-2022 00:35:58 DEBUG ocsp_support => OCSP cert status: <OCSPCertStatus.GOOD: 0> 
18-08-2022 00:35:58 DEBUG ocsp_support => Peer did not staple an OCSP response 
18-08-2022 00:35:58 DEBUG ocsp_support => Requesting OCSP data 
18-08-2022 00:35:58 DEBUG ocsp_support => Trying http://r3.o.lencr.org 
18-08-2022 00:35:58 DEBUG ocsp_support => Using cached OCSP response. 
18-08-2022 00:35:58 DEBUG ocsp_support => OCSP cert status: <OCSPCertStatus.GOOD: 0> 
18-08-2022 00:35:58 DEBUG ocsp_support => Peer did not staple an OCSP response 
18-08-2022 00:35:58 DEBUG ocsp_support => Requesting OCSP data 
18-08-2022 00:35:58 DEBUG ocsp_support => Trying http://r3.o.lencr.org 
18-08-2022 00:35:58 DEBUG ocsp_support => Using cached OCSP response. 
18-08-2022 00:35:58 DEBUG ocsp_support => OCSP cert status: <OCSPCertStatus.GOOD: 0> 
18-08-2022 00:36:08 INFO utils => NumExpr defaulting to 8 threads. 
18-08-2022 00:36:09 DEBUG ocsp_support => Peer did not staple an OCSP response 
18-08-2022 00:36:09 DEBUG ocsp_support => Requesting OCSP data 
18-08-2022 00:36:09 DEBUG ocsp_support => Trying http://r3.o.lencr.org 
18-08-2022 00:36:09 DEBUG ocsp_support => Peer did not staple an OCSP response 
18-08-2022 00:36:09 DEBUG ocsp_support => Requesting OCSP data 
18-08-2022 00:36:09 DEBUG ocsp_support => Trying http://r3.o.lencr.org 
18-08-2022 00:36:09 DEBUG ocsp_support => Peer did not staple an OCSP response 
18-08-2022 00:36:09 DEBUG ocsp_support => Requesting OCSP data 
18-08-2022 00:36:09 DEBUG ocsp_support => Trying http://r3.o.lencr.org 
18-08-2022 00:36:09 DEBUG connectionpool => Starting new HTTP connection (1): r3.o.lencr.org:80 
18-08-2022 00:36:09 DEBUG connectionpool => Starting new HTTP connection (1): r3.o.lencr.org:80 
18-08-2022 00:36:09 DEBUG connectionpool => Starting new HTTP connection (1): r3.o.lencr.org:80 
18-08-2022 00:36:09 DEBUG connectionpool => http://r3.o.lencr.org:80 "POST / HTTP/1.1" 200 503 
18-08-2022 00:36:09 DEBUG ocsp_support => OCSP response status: <OCSPResponseStatus.SUCCESSFUL: 0> 
18-08-2022 00:36:09 DEBUG ocsp_support => Verifying response 
18-08-2022 00:36:09 DEBUG ocsp_support => Responder is issuer 
18-08-2022 00:36:09 DEBUG ocsp_support => Caching OCSP response. 
18-08-2022 00:36:09 DEBUG ocsp_support => OCSP cert status: <OCSPCertStatus.GOOD: 0> 
18-08-2022 00:36:09 DEBUG connectionpool => http://r3.o.lencr.org:80 "POST / HTTP/1.1" 200 503 
18-08-2022 00:36:09 DEBUG ocsp_support => OCSP response status: <OCSPResponseStatus.SUCCESSFUL: 0> 
18-08-2022 00:36:09 DEBUG ocsp_support => Verifying response 
18-08-2022 00:36:09 DEBUG ocsp_support => Responder is issuer 
18-08-2022 00:36:09 DEBUG ocsp_support => Caching OCSP response. 
18-08-2022 00:36:09 DEBUG ocsp_support => OCSP cert status: <OCSPCertStatus.GOOD: 0> 
18-08-2022 00:36:09 DEBUG connectionpool => http://r3.o.lencr.org:80 "POST / HTTP/1.1" 200 503 
18-08-2022 00:36:09 DEBUG ocsp_support => OCSP response status: <OCSPResponseStatus.SUCCESSFUL: 0> 
18-08-2022 00:36:09 DEBUG ocsp_support => Verifying response 
18-08-2022 00:36:09 DEBUG ocsp_support => Responder is issuer 
18-08-2022 00:36:09 DEBUG ocsp_support => Caching OCSP response. 
18-08-2022 00:36:09 DEBUG ocsp_support => OCSP cert status: <OCSPCertStatus.GOOD: 0> 
18-08-2022 00:36:09 DEBUG ocsp_support => Peer did not staple an OCSP response 
18-08-2022 00:36:09 DEBUG ocsp_support => Requesting OCSP data 
18-08-2022 00:36:09 DEBUG ocsp_support => Trying http://r3.o.lencr.org 
18-08-2022 00:36:09 DEBUG ocsp_support => Using cached OCSP response. 
18-08-2022 00:36:09 DEBUG ocsp_support => OCSP cert status: <OCSPCertStatus.GOOD: 0> 
18-08-2022 00:36:09 DEBUG ocsp_support => Peer did not staple an OCSP response 
18-08-2022 00:36:09 DEBUG ocsp_support => Requesting OCSP data 
18-08-2022 00:36:09 DEBUG ocsp_support => Trying http://r3.o.lencr.org 
18-08-2022 00:36:09 DEBUG ocsp_support => Using cached OCSP response. 
18-08-2022 00:36:09 DEBUG ocsp_support => OCSP cert status: <OCSPCertStatus.GOOD: 0> 
18-08-2022 00:36:09 DEBUG ocsp_support => Peer did not staple an OCSP response 
18-08-2022 00:36:09 DEBUG ocsp_support => Requesting OCSP data 
18-08-2022 00:36:09 DEBUG ocsp_support => Trying http://r3.o.lencr.org 
18-08-2022 00:36:09 DEBUG ocsp_support => Using cached OCSP response. 
18-08-2022 00:36:09 DEBUG ocsp_support => OCSP cert status: <OCSPCertStatus.GOOD: 0> 
18-08-2022 00:36:09 DEBUG ocsp_support => Peer did not staple an OCSP response 
18-08-2022 00:36:09 DEBUG ocsp_support => Requesting OCSP data 
18-08-2022 00:36:09 DEBUG ocsp_support => Trying http://r3.o.lencr.org 
18-08-2022 00:36:09 DEBUG ocsp_support => Using cached OCSP response. 
18-08-2022 00:36:09 DEBUG ocsp_support => OCSP cert status: <OCSPCertStatus.GOOD: 0> 
18-08-2022 00:36:10 INFO demo => Connected to Mongodb and data retrieved 
18-08-2022 00:36:10 INFO demo => DataFrame created 
18-08-2022 00:36:10 INFO demo => Standardization done 
18-08-2022 00:36:10 INFO _internal =>  * Running on http://127.0.0.1:5000/ (Press CTRL+C to quit) 
